Remove Pin=N5-1 From Net=IO-CH1-PROT
Remove Pin=N6-1 From Net=IO-CH2-PROT
Remove Pin=N7-1 From Net=IO-CH3-PROT
Remove Pin=N8-1 From Net=IO-CH4-PROT
Remove Pin=P15-3 From Net=PB7_DCMI_VSYNC
Remove Pin=P15-4 From Net=PB10_I2C2_SCL
Remove Pin=P15-5 From Net=PA4_DCMI_HSYNC
Remove Pin=P15-6 From Net=PB11_I2C2_SDA
Remove Pin=P15-8 From Net=PC6_DCMI_D0
Remove Pin=P15-9 From Net=PC7_DCMI_D1
Remove Pin=P15-10 From Net=PE0_DCMI_D2
Remove Pin=P15-11 From Net=PE1_DCMI_D3
Remove Pin=P15-12 From Net=PE4_DCMI_D4
Remove Pin=P15-13 From Net=PB6_DCMI_D5
Remove Pin=P15-14 From Net=PE5_DCMI_D6
Remove Pin=P15-15 From Net=PE6_DCMI_D7
Remove Pin=P15-16 From Net=PA6_DCMI_PCLK
Remove Pin=P15-17 From Net=PC8_TIM8_CH3_MASTERCLOCK
Remove Pin=P15-18 From Net=PWDN
Remove Pin=P16-2 From Net=PC8_TIM8_CH3_MASTERCLOCK
Remove Pin=P16-3 From Net=PA2_TIM5_CH3_EXPOSURE
Remove Pin=P16-4 From Net=PA3_TIM5_CH4_STANDBY
Remove Pin=P16-6 From Net=PB10_I2C2_SCL
Remove Pin=P16-7 From Net=PB11_I2C2_SDA
Remove Pin=P16-8 From Net=PC6_DCMI_D0
Remove Pin=P16-9 From Net=PC7_DCMI_D1
Remove Pin=P16-10 From Net=PE0_DCMI_D2
Remove Pin=P16-11 From Net=PE1_DCMI_D3
Remove Pin=P16-12 From Net=PE4_DCMI_D4
Remove Pin=P16-13 From Net=PB6_DCMI_D5
Remove Pin=P16-14 From Net=PE5_DCMI_D6
Remove Pin=P16-15 From Net=PE6_DCMI_D7
Remove Pin=P16-16 From Net=PA4_DCMI_HSYNC
Remove Pin=P16-17 From Net=PB7_DCMI_VSYNC
Remove Pin=P16-18 From Net=PA6_DCMI_PCLK
Remove Pin=P16-19 From Net=PC9_TIM8_CH4_LED_OUT
Remove Pin=P18-2 From Net=PC8_TIM8_CH3_MASTERCLOCK
Remove Pin=P18-3 From Net=PA2_TIM5_CH3_EXPOSURE
Remove Pin=P18-4 From Net=PA3_TIM5_CH4_STANDBY
Remove Pin=P18-6 From Net=PB10_I2C2_SCL
Remove Pin=P18-7 From Net=PB11_I2C2_SDA
Remove Pin=P18-8 From Net=PC6_DCMI_D0
Remove Pin=P18-9 From Net=PC7_DCMI_D1
Remove Pin=P18-10 From Net=PE0_DCMI_D2
Remove Pin=P18-11 From Net=PE1_DCMI_D3
Remove Pin=P18-12 From Net=PE4_DCMI_D4
Remove Pin=P18-13 From Net=PB6_DCMI_D5
Remove Pin=P18-14 From Net=PE5_DCMI_D6
Remove Pin=P18-15 From Net=PE6_DCMI_D7
Remove Pin=P18-16 From Net=PA4_DCMI_HSYNC
Remove Pin=P18-17 From Net=PB7_DCMI_VSYNC
Remove Pin=P18-18 From Net=PA6_DCMI_PCLK
Remove Pin=P18-19 From Net=PC9_TIM8_CH4_LED_OUT
Remove Pin=R1-P$2 From Net=VDD_5V_IN_PROT
Remove Pin=S1-P$1 From Net=VDD_5V_PERIPH
Remove Pin=S2-P$1 From Net=SPI_EXT_MOSI
Remove Pin=S3-P$1 From Net=SPI_EXT_MISO
Remove Pin=S4-P$1 From Net=SPI_EXT_SCK
Remove Pin=S6-P$1 From Net=VDD_SERVO
