Change Component Designator: Old Designator=ADC_PR New Designator=ADC_PR1
Change Component Designator: Old Designator=D301 New Designator=D2
Change Component Designator: Old Designator=L300 New Designator=L2
Change Component Designator: Old Designator=M3_MOUNT901 New Designator=M1
Change Component Designator: Old Designator=M3_MOUNT902 New Designator=M3
Change Component Designator: Old Designator=M3_MOUNT903 New Designator=M2
Change Component Designator: Old Designator=M3_MOUNT904 New Designator=M4
Change Component Designator: Old Designator=P301 New Designator=P2
Change Component Designator: Old Designator=P304 New Designator=P3
Change Component Designator: Old Designator=P500 New Designator=P1
Change Component Designator: Old Designator=S1RX New Designator=S2
Change Component Designator: Old Designator=S1TX New Designator=S1
Change Component Designator: Old Designator=S2RX New Designator=S4
Change Component Designator: Old Designator=S2TX New Designator=S3
Change Component Designator: Old Designator=S3RX New Designator=S6
Change Component Designator: Old Designator=S3TX New Designator=S5
Change Component Designator: Old Designator=S4RX New Designator=S8
Change Component Designator: Old Designator=S4TX New Designator=S7
Change Component Designator: Old Designator=S5_RX New Designator=S10
Change Component Designator: Old Designator=S5_TX New Designator=S9
