Added Component: Designator=C1(0402-CAP)
Added Component: Designator=C2(1206-CAP)
Added Component: Designator=C3(1206-CAP)
Added Component: Designator=C4(0402-CAP)
Added Component: Designator=C5(0402-CAP)
Added Component: Designator=C6(1206-CAP)
Added Component: Designator=C7(1206-CAP)
Added Component: Designator=C8(0402-CAP)
Added Component: Designator=C9(1206-CAP)
Added Component: Designator=C10(1206-CAP)
Added Component: Designator=C11(0402-CAP)
Added Component: Designator=C12(0402-CAP)
Added Component: Designator=C13(0402-CAP)
Added Component: Designator=C14(1206-CAP)
Added Component: Designator=C15(1206-CAP)
Added Component: Designator=C16(0402-CAP)
Added Component: Designator=C17(0402-CAP)
Added Component: Designator=C18(0402-CAP)
Added Component: Designator=C19(0402-CAP)
Added Component: Designator=C20(0402-CAP)
Added Component: Designator=C21(0402-CAP)
Added Component: Designator=C22(0402-CAP)
Added Component: Designator=C23(0402-CAP)
Added Component: Designator=C26(0402-CAP)
Added Component: Designator=C27(0402-CAP)
Added Component: Designator=C28(0402-CAP)
Added Component: Designator=C29(0402-CAP)
Added Component: Designator=C30(0402-CAP)
Added Component: Designator=C31(0402-CAP)
Added Component: Designator=C32(0402-CAP)
Added Component: Designator=C33(0402-CAP)
Added Component: Designator=C34(0402-CAP)
Added Component: Designator=C35(0402-CAP)
Added Component: Designator=C36(0402-CAP)
Added Component: Designator=C37(1206-CAP)
Added Component: Designator=C38(0402-CAP)
Added Component: Designator=C39(1206-CAP)
Added Component: Designator=C40(0402-CAP)
Added Component: Designator=C41(0402-CAP)
Added Component: Designator=C42(0402-CAP)
Added Component: Designator=C43(0402-CAP)
Added Component: Designator=C44(0402-CAP)
Added Component: Designator=C45(0402-CAP)
Added Component: Designator=C46(0402-CAP)
Added Component: Designator=C47(0402-CAP)
Added Component: Designator=C48(0402-CAP)
Added Component: Designator=C49(0402-CAP)
Added Component: Designator=C50(0402-CAP)
Added Component: Designator=D1(0402-TVS)
Added Component: Designator=D2(0402-TVS)
Added Component: Designator=D3(0402-TVS)
Added Component: Designator=D4(0402-TVS)
Added Component: Designator=D5(0402-TVS)
Added Component: Designator=D300(MICROSMP)
Added Component: Designator=L1(KYOCERA-KNH16-DA)
Added Component: Designator=L2(KYOCERA-KNH16-DA)
Added Component: Designator=L3(KYOCERA-KNH16-DA)
Added Component: Designator=L4(KYOCERA-KNH16-DA)
Added Component: Designator=L5(KYOCERA-KNH16-DA)
Added Component: Designator=P1(CON-DF17-80M)
Added Component: Designator=P2(HDR2X3)
Added Component: Designator=P3(CLICKMATE_V4)
Added Component: Designator=P4(HDR1X2)
Added Component: Designator=P5(CLICKMATE_V4)
Added Component: Designator=P6(CLICKMATE_V4)
Added Component: Designator=P7(CLICKMATE_V4)
Added Component: Designator=P8(HDR1X3)
Added Component: Designator=P9(HDR1X3)
Added Component: Designator=P10(CLICKMATE_V4)
Added Component: Designator=P11(HDR1X2)
Added Component: Designator=P12(HDR1X4)
Added Component: Designator=P14(HDR1X7)
Added Component: Designator=P17(HDR1X8)
Added Component: Designator=PSM1(PSM)
Added Component: Designator=Q1(TSOP-6)
Added Component: Designator=R1(0402-RES)
Added Component: Designator=R2(0402-RES)
Added Component: Designator=R4(0402-RES)
Added Component: Designator=R5(0402-RES)
Added Component: Designator=R6(0402-RES)
Added Component: Designator=R7(0402-RES)
Added Component: Designator=R8(0402-RES)
Added Component: Designator=R9(0402-RES)
Added Component: Designator=R10(0402-RES)
Added Component: Designator=R11(0402-RES)
Added Component: Designator=R12(0402-RES)
Added Component: Designator=R13(0402-RES)
Added Component: Designator=R14(R0402)
Added Component: Designator=R17(R0402)
Added Component: Designator=R18(R0402)
Added Component: Designator=R19(R0402)
Added Component: Designator=R20(R0402)
Added Component: Designator=R21(R0402)
Added Component: Designator=R22(R0402)
Added Component: Designator=R23(R0402)
Added Component: Designator=R24(R0402)
Added Component: Designator=R25(R0402)
Added Component: Designator=R26(R0402)
Added Component: Designator=R27(R0402)
Added Component: Designator=R29(R0402)
Added Component: Designator=R30(R0402)
Added Component: Designator=R31(R0402)
Added Component: Designator=R32(R0402)
Added Component: Designator=R33(R0402)
Added Component: Designator=R34(R0402)
Added Component: Designator=R35(R0402)
Added Component: Designator=S1(PAD.04X.04)
Added Component: Designator=S2(PAD.04X.04)
Added Component: Designator=S3(PAD.04X.04)
Added Component: Designator=S4(PAD.04X.04)
Added Component: Designator=S5(PAD.04X.04)
Added Component: Designator=S6(PAD.04X.04)
Added Component: Designator=S7(EVQP7J01K)
Added Component: Designator=U1(STM-LQFP100_N)
Added Component: Designator=U2(L3GD20)
Added Component: Designator=U$1(CLCC-48)
Added Component: Designator=U$2(LENSMOUNT_LARGE_M12)
Added Component: Designator=X1(OSCILLATOR-3.2X2.5)
Added Pin To Net: NetName=ADC123_IN10 Pin=P14-3
Added Net: Name=ADC123_IN10
Added Pin To Net: NetName=ALARM Pin=P1-24
Added Pin To Net: NetName=ALARM Pin=PSM1-ALARM
Added Net: Name=ALARM
Added Pin To Net: NetName=AUX_BATT_CURRENT_SENS Pin=C12-P$2
Added Pin To Net: NetName=AUX_BATT_CURRENT_SENS Pin=P1-25
Added Pin To Net: NetName=AUX_BATT_CURRENT_SENS Pin=R12-P$1
Added Net: Name=AUX_BATT_CURRENT_SENS
Added Pin To Net: NetName=AUX_BATT_VOLTAGE_SENS Pin=P1-23
Added Pin To Net: NetName=AUX_BATT_VOLTAGE_SENS Pin=R11-P$1
Added Pin To Net: NetName=AUX_BATT_VOLTAGE_SENS Pin=R13-P$2
Added Net: Name=AUX_BATT_VOLTAGE_SENS
Added Pin To Net: NetName=AVDD_3V3_FLOW Pin=C33-P$1
Added Pin To Net: NetName=AVDD_3V3_FLOW Pin=C34-P$1
Added Pin To Net: NetName=AVDD_3V3_FLOW Pin=C35-P$1
Added Pin To Net: NetName=AVDD_3V3_FLOW Pin=C45-P$2
Added Pin To Net: NetName=AVDD_3V3_FLOW Pin=C46-P$2
Added Pin To Net: NetName=AVDD_3V3_FLOW Pin=C47-P$2
Added Pin To Net: NetName=AVDD_3V3_FLOW Pin=C48-P$2
Added Pin To Net: NetName=AVDD_3V3_FLOW Pin=C49-P$2
Added Pin To Net: NetName=AVDD_3V3_FLOW Pin=U1-21
Added Pin To Net: NetName=AVDD_3V3_FLOW Pin=U2-1
Added Pin To Net: NetName=AVDD_3V3_FLOW Pin=U$1-35
Added Pin To Net: NetName=AVDD_3V3_FLOW Pin=U$1-39
Added Pin To Net: NetName=AVDD_3V3_FLOW Pin=U$1-40
Added Net: Name=AVDD_3V3_FLOW
Added Net: Name=BAT_ESC
Added Pin To Net: NetName=BATT_CURRENT_SENS_PROT Pin=C1-P$2
Added Pin To Net: NetName=BATT_CURRENT_SENS_PROT Pin=P1-49
Added Pin To Net: NetName=BATT_CURRENT_SENS_PROT Pin=R6-P$1
Added Net: Name=BATT_CURRENT_SENS_PROT
Added Pin To Net: NetName=BATT_VOLTAGE_SENS_PROT Pin=P1-47
Added Pin To Net: NetName=BATT_VOLTAGE_SENS_PROT Pin=R7-P$1
Added Pin To Net: NetName=BATT_VOLTAGE_SENS_PROT Pin=R8-P$2
Added Net: Name=BATT_VOLTAGE_SENS_PROT
Added Pin To Net: NetName=BUZZER_OUT Pin=P11-1
Added Pin To Net: NetName=BUZZER_OUT Pin=PSM1-BUZZER_OUT
Added Net: Name=BUZZER_OUT
Added Pin To Net: NetName=CAN_H_2 Pin=P1-41
Added Pin To Net: NetName=CAN_H_2 Pin=P7-2
Added Net: Name=CAN_H_2
Added Pin To Net: NetName=CAN_L_2 Pin=P1-39
Added Pin To Net: NetName=CAN_L_2 Pin=P7-3
Added Net: Name=CAN_L_2
Added Pin To Net: NetName=D_N Pin=R26-2
Added Net: Name=D_N
Added Pin To Net: NetName=D_P Pin=R29-2
Added Net: Name=D_P
Added Pin To Net: NetName=FMU-SWCLK Pin=P1-3
Added Pin To Net: NetName=FMU-SWCLK Pin=P2-6
Added Net: Name=FMU-SWCLK
Added Pin To Net: NetName=FMU-SWDIO Pin=P1-1
Added Pin To Net: NetName=FMU-SWDIO Pin=P2-4
Added Net: Name=FMU-SWDIO
Added Pin To Net: NetName=GND Pin=C1-P$1
Added Pin To Net: NetName=GND Pin=C2-P$2
Added Pin To Net: NetName=GND Pin=C3-P$2
Added Pin To Net: NetName=GND Pin=C4-P$2
Added Pin To Net: NetName=GND Pin=C6-P$2
Added Pin To Net: NetName=GND Pin=C7-P$2
Added Pin To Net: NetName=GND Pin=C8-P$2
Added Pin To Net: NetName=GND Pin=C9-P$2
Added Pin To Net: NetName=GND Pin=C10-P$2
Added Pin To Net: NetName=GND Pin=C11-P$2
Added Pin To Net: NetName=GND Pin=C12-P$1
Added Pin To Net: NetName=GND Pin=C14-P$2
Added Pin To Net: NetName=GND Pin=C15-P$2
Added Pin To Net: NetName=GND Pin=C16-P$2
Added Pin To Net: NetName=GND Pin=C26-P$2
Added Pin To Net: NetName=GND Pin=C27-P$2
Added Pin To Net: NetName=GND Pin=C28-P$2
Added Pin To Net: NetName=GND Pin=C29-P$1
Added Pin To Net: NetName=GND Pin=C30-P$2
Added Pin To Net: NetName=GND Pin=C31-P$1
Added Pin To Net: NetName=GND Pin=C32-P$1
Added Pin To Net: NetName=GND Pin=C33-P$2
Added Pin To Net: NetName=GND Pin=C34-P$2
Added Pin To Net: NetName=GND Pin=C35-P$2
Added Pin To Net: NetName=GND Pin=C36-P$2
Added Pin To Net: NetName=GND Pin=C37-P$2
Added Pin To Net: NetName=GND Pin=C38-P$2
Added Pin To Net: NetName=GND Pin=C39-P$2
Added Pin To Net: NetName=GND Pin=C40-P$1
Added Pin To Net: NetName=GND Pin=C41-P$1
Added Pin To Net: NetName=GND Pin=C42-P$1
Added Pin To Net: NetName=GND Pin=C43-P$1
Added Pin To Net: NetName=GND Pin=C44-P$1
Added Pin To Net: NetName=GND Pin=C45-P$1
Added Pin To Net: NetName=GND Pin=C46-P$1
Added Pin To Net: NetName=GND Pin=C47-P$1
Added Pin To Net: NetName=GND Pin=C48-P$1
Added Pin To Net: NetName=GND Pin=C49-P$1
Added Pin To Net: NetName=GND Pin=C50-P$2
Added Pin To Net: NetName=GND Pin=D1-A
Added Pin To Net: NetName=GND Pin=D2-A
Added Pin To Net: NetName=GND Pin=D3-A
Added Pin To Net: NetName=GND Pin=D4-A
Added Pin To Net: NetName=GND Pin=D5-A
Added Pin To Net: NetName=GND Pin=L1-GND
Added Pin To Net: NetName=GND Pin=L1-GND
Added Pin To Net: NetName=GND Pin=L1-GND
Added Pin To Net: NetName=GND Pin=L2-GND
Added Pin To Net: NetName=GND Pin=L2-GND
Added Pin To Net: NetName=GND Pin=L2-GND
Added Pin To Net: NetName=GND Pin=L3-GND
Added Pin To Net: NetName=GND Pin=L3-GND
Added Pin To Net: NetName=GND Pin=L3-GND
Added Pin To Net: NetName=GND Pin=L4-GND
Added Pin To Net: NetName=GND Pin=L4-GND
Added Pin To Net: NetName=GND Pin=L4-GND
Added Pin To Net: NetName=GND Pin=L5-GND
Added Pin To Net: NetName=GND Pin=L5-GND
Added Pin To Net: NetName=GND Pin=L5-GND
Added Pin To Net: NetName=GND Pin=P1-13
Added Pin To Net: NetName=GND Pin=P1-15
Added Pin To Net: NetName=GND Pin=P1-GND
Added Pin To Net: NetName=GND Pin=P1-GND
Added Pin To Net: NetName=GND Pin=P2-2
Added Pin To Net: NetName=GND Pin=P3-4
Added Pin To Net: NetName=GND Pin=P3-GND
Added Pin To Net: NetName=GND Pin=P3-GND
Added Pin To Net: NetName=GND Pin=P4-2
Added Pin To Net: NetName=GND Pin=P5-4
Added Pin To Net: NetName=GND Pin=P5-GND
Added Pin To Net: NetName=GND Pin=P5-GND
Added Pin To Net: NetName=GND Pin=P6-4
Added Pin To Net: NetName=GND Pin=P6-GND
Added Pin To Net: NetName=GND Pin=P6-GND
Added Pin To Net: NetName=GND Pin=P7-4
Added Pin To Net: NetName=GND Pin=P7-GND
Added Pin To Net: NetName=GND Pin=P7-GND
Added Pin To Net: NetName=GND Pin=P8-3
Added Pin To Net: NetName=GND Pin=P9-3
Added Pin To Net: NetName=GND Pin=P10-4
Added Pin To Net: NetName=GND Pin=P10-GND
Added Pin To Net: NetName=GND Pin=P10-GND
Added Pin To Net: NetName=GND Pin=P11-2
Added Pin To Net: NetName=GND Pin=P12-4
Added Pin To Net: NetName=GND Pin=P14-7
Added Pin To Net: NetName=GND Pin=P17-4
Added Pin To Net: NetName=GND Pin=P17-7
Added Pin To Net: NetName=GND Pin=PSM1-GND
Added Pin To Net: NetName=GND Pin=PSM1-GND
Added Pin To Net: NetName=GND Pin=Q1-3
Added Pin To Net: NetName=GND Pin=R2-P$1
Added Pin To Net: NetName=GND Pin=R4-P$2
Added Pin To Net: NetName=GND Pin=R6-P$2
Added Pin To Net: NetName=GND Pin=R8-P$1
Added Pin To Net: NetName=GND Pin=R9-P$2
Added Pin To Net: NetName=GND Pin=R12-P$2
Added Pin To Net: NetName=GND Pin=R13-P$1
Added Pin To Net: NetName=GND Pin=R21-1
Added Pin To Net: NetName=GND Pin=R24-1
Added Pin To Net: NetName=GND Pin=S5-P$1
Added Pin To Net: NetName=GND Pin=S7-A1
Added Pin To Net: NetName=GND Pin=U1-10
Added Pin To Net: NetName=GND Pin=U1-20
Added Pin To Net: NetName=GND Pin=U1-27
Added Pin To Net: NetName=GND Pin=U1-74
Added Pin To Net: NetName=GND Pin=U1-99
Added Pin To Net: NetName=GND Pin=U2-8
Added Pin To Net: NetName=GND Pin=U2-9
Added Pin To Net: NetName=GND Pin=U2-10
Added Pin To Net: NetName=GND Pin=U2-11
Added Pin To Net: NetName=GND Pin=U2-12
Added Pin To Net: NetName=GND Pin=U2-13
Added Pin To Net: NetName=GND Pin=U$1-7
Added Pin To Net: NetName=GND Pin=U$1-9
Added Pin To Net: NetName=GND Pin=U$1-11
Added Pin To Net: NetName=GND Pin=U$1-12
Added Pin To Net: NetName=GND Pin=U$1-13
Added Pin To Net: NetName=GND Pin=U$1-29
Added Pin To Net: NetName=GND Pin=U$1-34
Added Pin To Net: NetName=GND Pin=U$1-38
Added Pin To Net: NetName=GND Pin=U$1-48
Added Pin To Net: NetName=GND Pin=X1-2
Added Pin To Net: NetName=GND Pin=X1-4
Added Net: Name=GND
Added Pin To Net: NetName=I2C_2_SCL Pin=P1-6
Added Pin To Net: NetName=I2C_2_SCL Pin=R22-1
Added Net: Name=I2C_2_SCL
Added Pin To Net: NetName=I2C_2_SDA Pin=P1-4
Added Pin To Net: NetName=I2C_2_SDA Pin=R23-1
Added Net: Name=I2C_2_SDA
Added Pin To Net: NetName=I\O\-\L\E\D\_\S\A\F\E\T\_\P\R\O\T\ Pin=P1-28
Added Pin To Net: NetName=I\O\-\L\E\D\_\S\A\F\E\T\_\P\R\O\T\ Pin=P5-3
Added Net: Name=I\O\-\L\E\D\_\S\A\F\E\T\_\P\R\O\T\
Added Pin To Net: NetName=IO-CH1-PROT Pin=P1-80
Added Net: Name=IO-CH1-PROT
Added Pin To Net: NetName=IO-CH2-PROT Pin=P1-78
Added Net: Name=IO-CH2-PROT
Added Pin To Net: NetName=IO-CH3-PROT Pin=P1-76
Added Net: Name=IO-CH3-PROT
Added Pin To Net: NetName=IO-CH4-PROT Pin=P1-74
Added Net: Name=IO-CH4-PROT
Added Pin To Net: NetName=IO-SWCLK Pin=P1-71
Added Pin To Net: NetName=IO-SWCLK Pin=P2-5
Added Net: Name=IO-SWCLK
Added Pin To Net: NetName=IO-SWDIO Pin=P1-69
Added Pin To Net: NetName=IO-SWDIO Pin=P2-3
Added Net: Name=IO-SWDIO
Added Pin To Net: NetName=Net*1_1 Pin=C5-P$1
Added Net: Name=Net*1_1
Added Pin To Net: NetName=Net*1_4 Pin=R4-P$1
Added Pin To Net: NetName=Net*1_4 Pin=R5-P$2
Added Net: Name=Net*1_4
Added Pin To Net: NetName=Net*1_8 Pin=C5-P$2
Added Net: Name=Net*1_8
Added Pin To Net: NetName=Net*3_1 Pin=C13-P$1
Added Net: Name=Net*3_1
Added Pin To Net: NetName=Net*3_4 Pin=R9-P$1
Added Pin To Net: NetName=Net*3_4 Pin=R10-P$2
Added Net: Name=Net*3_4
Added Pin To Net: NetName=Net*3_8 Pin=C13-P$2
Added Net: Name=Net*3_8
Added Pin To Net: NetName=NetC27_P$1 Pin=C27-P$1
Added Pin To Net: NetName=NetC27_P$1 Pin=U2-14
Added Net: Name=NetC27_P$1
Added Pin To Net: NetName=NetC29_P$2 Pin=C29-P$2
Added Pin To Net: NetName=NetC29_P$2 Pin=U1-12
Added Pin To Net: NetName=NetC29_P$2 Pin=X1-3
Added Net: Name=NetC29_P$2
Added Pin To Net: NetName=NetC30_P$1 Pin=C30-P$1
Added Pin To Net: NetName=NetC30_P$1 Pin=R25-2
Added Pin To Net: NetName=NetC30_P$1 Pin=S7-B3
Added Pin To Net: NetName=NetC30_P$1 Pin=U1-14
Added Net: Name=NetC30_P$1
Added Pin To Net: NetName=NetC31_P$2 Pin=C31-P$2
Added Pin To Net: NetName=NetC31_P$2 Pin=U1-73
Added Net: Name=NetC31_P$2
Added Pin To Net: NetName=NetC32_P$2 Pin=C32-P$2
Added Pin To Net: NetName=NetC32_P$2 Pin=U1-49
Added Net: Name=NetC32_P$2
Added Pin To Net: NetName=NetD1_C Pin=D1-C
Added Pin To Net: NetName=NetD1_C Pin=L1-P$2
Added Pin To Net: NetName=NetD1_C Pin=P3-1
Added Net: Name=NetD1_C
Added Pin To Net: NetName=NetD3_C Pin=D3-C
Added Pin To Net: NetName=NetD3_C Pin=L3-P$2
Added Pin To Net: NetName=NetD3_C Pin=P7-1
Added Net: Name=NetD3_C
Added Pin To Net: NetName=NetD4_C Pin=D4-C
Added Pin To Net: NetName=NetD4_C Pin=L4-P$2
Added Pin To Net: NetName=NetD4_C Pin=P10-1
Added Net: Name=NetD4_C
Added Pin To Net: NetName=NetD5_C Pin=D5-C
Added Pin To Net: NetName=NetD5_C Pin=D300-CATHODE
Added Pin To Net: NetName=NetD5_C Pin=L5-P$1
Added Net: Name=NetD5_C
Added Pin To Net: NetName=NetD8_1 Pin=U1-68
Added Net: Name=NetD8_1
Added Net: Name=NetD9_1
Added Net: Name=NetJ1_1
Added Pin To Net: NetName=NetJ1_4 Pin=R30-2
Added Net: Name=NetJ1_4
Added Pin To Net: NetName=NetL10_1 Pin=P17-1
Added Net: Name=NetL10_1
Added Pin To Net: NetName=NetL11_1 Pin=P17-8
Added Net: Name=NetL11_1
Added Pin To Net: NetName=NetLED1_1 Pin=R33-1
Added Net: Name=NetLED1_1
Added Pin To Net: NetName=NetLED1_2 Pin=R34-1
Added Net: Name=NetLED1_2
Added Pin To Net: NetName=NetLED1_3 Pin=R35-1
Added Net: Name=NetLED1_3
Added Pin To Net: NetName=NetP17_2 Pin=P17-2
Added Pin To Net: NetName=NetP17_2 Pin=R31-1
Added Net: Name=NetP17_2
Added Pin To Net: NetName=NetP17_3 Pin=P17-3
Added Pin To Net: NetName=NetP17_3 Pin=R32-1
Added Net: Name=NetP17_3
Added Pin To Net: NetName=NetP17_5 Pin=P17-5
Added Pin To Net: NetName=NetP17_5 Pin=U1-72
Added Net: Name=NetP17_5
Added Pin To Net: NetName=NetP17_6 Pin=P17-6
Added Pin To Net: NetName=NetP17_6 Pin=U1-76
Added Net: Name=NetP17_6
Added Pin To Net: NetName=NetR18_1 Pin=R18-1
Added Pin To Net: NetName=NetR18_1 Pin=U$1-8
Added Net: Name=NetR18_1
Added Pin To Net: NetName=NetR20_1 Pin=R20-1
Added Pin To Net: NetName=NetR20_1 Pin=U$1-10
Added Net: Name=NetR20_1
Added Pin To Net: NetName=NetR21_2 Pin=R21-2
Added Pin To Net: NetName=NetR21_2 Pin=U1-37
Added Net: Name=NetR21_2
Added Pin To Net: NetName=NetR24_2 Pin=R24-2
Added Pin To Net: NetName=NetR24_2 Pin=U1-94
Added Net: Name=NetR24_2
Added Pin To Net: NetName=NetR26_1 Pin=R26-1
Added Pin To Net: NetName=NetR26_1 Pin=U1-70
Added Net: Name=NetR26_1
Added Pin To Net: NetName=NetR29_1 Pin=R29-1
Added Pin To Net: NetName=NetR29_1 Pin=U1-71
Added Net: Name=NetR29_1
Added Pin To Net: NetName=NetR30_1 Pin=R30-1
Added Pin To Net: NetName=NetR30_1 Pin=U1-69
Added Net: Name=NetR30_1
Added Pin To Net: NetName=NetR31_2 Pin=R31-2
Added Pin To Net: NetName=NetR31_2 Pin=U1-95
Added Net: Name=NetR31_2
Added Pin To Net: NetName=NetR32_2 Pin=R32-2
Added Pin To Net: NetName=NetR32_2 Pin=U1-96
Added Net: Name=NetR32_2
Added Pin To Net: NetName=NetR33_2 Pin=R33-2
Added Pin To Net: NetName=NetR33_2 Pin=U1-38
Added Net: Name=NetR33_2
Added Pin To Net: NetName=NetR34_2 Pin=R34-2
Added Pin To Net: NetName=NetR34_2 Pin=U1-1
Added Net: Name=NetR34_2
Added Pin To Net: NetName=NetR35_2 Pin=R35-2
Added Pin To Net: NetName=NetR35_2 Pin=U1-2
Added Net: Name=NetR35_2
Added Pin To Net: NetName=NetU1_3 Pin=U1-3
Added Net: Name=NetU1_3
Added Pin To Net: NetName=NetU1_4 Pin=U1-4
Added Net: Name=NetU1_4
Added Pin To Net: NetName=NetU1_5 Pin=U1-5
Added Net: Name=NetU1_5
Added Pin To Net: NetName=NetU1_15 Pin=U1-15
Added Net: Name=NetU1_15
Added Pin To Net: NetName=NetU1_23 Pin=U1-23
Added Net: Name=NetU1_23
Added Pin To Net: NetName=NetU1_25 Pin=U1-25
Added Net: Name=NetU1_25
Added Pin To Net: NetName=NetU1_26 Pin=U1-26
Added Net: Name=NetU1_26
Added Pin To Net: NetName=NetU1_29 Pin=U1-29
Added Net: Name=NetU1_29
Added Pin To Net: NetName=NetU1_30 Pin=U1-30
Added Net: Name=NetU1_30
Added Pin To Net: NetName=NetU1_31 Pin=U1-31
Added Net: Name=NetU1_31
Added Pin To Net: NetName=NetU1_39 Pin=U1-39
Added Net: Name=NetU1_39
Added Pin To Net: NetName=NetU1_47 Pin=U1-47
Added Net: Name=NetU1_47
Added Pin To Net: NetName=NetU1_48 Pin=U1-48
Added Net: Name=NetU1_48
Added Pin To Net: NetName=NetU1_51 Pin=U1-51
Added Net: Name=NetU1_51
Added Pin To Net: NetName=NetU1_52 Pin=U1-52
Added Net: Name=NetU1_52
Added Pin To Net: NetName=NetU1_53 Pin=U1-53
Added Net: Name=NetU1_53
Added Pin To Net: NetName=NetU1_54 Pin=U1-54
Added Net: Name=NetU1_54
Added Pin To Net: NetName=NetU1_60 Pin=U1-60
Added Net: Name=NetU1_60
Added Pin To Net: NetName=NetU1_63 Pin=U1-63
Added Net: Name=NetU1_63
Added Pin To Net: NetName=NetU1_64 Pin=U1-64
Added Net: Name=NetU1_64
Added Pin To Net: NetName=NetU1_65 Pin=U1-65
Added Net: Name=NetU1_65
Added Pin To Net: NetName=NetU1_66 Pin=U1-66
Added Net: Name=NetU1_66
Added Pin To Net: NetName=NetU1_79 Pin=U1-79
Added Net: Name=NetU1_79
Added Pin To Net: NetName=NetU1_92 Pin=U1-92
Added Net: Name=NetU1_92
Added Pin To Net: NetName=NetU1_93 Pin=U1-93
Added Net: Name=NetU1_93
Added Pin To Net: NetName=NetU1_97 Pin=U1-97
Added Net: Name=NetU1_97
Added Pin To Net: NetName=NetU1_98 Pin=U1-98
Added Net: Name=NetU1_98
Added Pin To Net: NetName=OSC_OUT Pin=C28-P$1
Added Pin To Net: NetName=OSC_OUT Pin=U1-13
Added Pin To Net: NetName=OSC_OUT Pin=X1-1
Added Net: Name=OSC_OUT
Added Pin To Net: NetName=OTG_DM1 Pin=P1-33
Added Pin To Net: NetName=OTG_DM1 Pin=P12-3
Added Net: Name=OTG_DM1
Added Pin To Net: NetName=OTG_DP1 Pin=P1-31
Added Pin To Net: NetName=OTG_DP1 Pin=P12-2
Added Net: Name=OTG_DP1
Added Pin To Net: NetName=PA2_TIM5_CH3_EXPOSURE Pin=U$1-23
Added Net: Name=PA2_TIM5_CH3_EXPOSURE
Added Pin To Net: NetName=PA3_TIM5_CH4_STANDBY Pin=U$1-33
Added Net: Name=PA3_TIM5_CH4_STANDBY
Added Pin To Net: NetName=PA4_DCMI_HSYNC Pin=U$1-20
Added Net: Name=PA4_DCMI_HSYNC
Added Pin To Net: NetName=PA5_CAM_NRESET Pin=R14-1
Added Pin To Net: NetName=PA5_CAM_NRESET Pin=U$1-32
Added Net: Name=PA5_CAM_NRESET
Added Pin To Net: NetName=PA6_DCMI_PCLK Pin=U$1-46
Added Net: Name=PA6_DCMI_PCLK
Added Pin To Net: NetName=PB6_DCMI_D5 Pin=U$1-17
Added Net: Name=PB6_DCMI_D5
Added Pin To Net: NetName=PB7_DCMI_VSYNC Pin=U$1-21
Added Net: Name=PB7_DCMI_VSYNC
Added Pin To Net: NetName=PB8_I2C1_SCL Pin=R22-2
Added Net: Name=PB8_I2C1_SCL
Added Pin To Net: NetName=PB9_I2C1_SDA Pin=R23-2
Added Net: Name=PB9_I2C1_SDA
Added Pin To Net: NetName=PB10_I2C2_SCL Pin=U$1-25
Added Net: Name=PB10_I2C2_SCL
Added Pin To Net: NetName=PB11_I2C2_SDA Pin=U$1-24
Added Net: Name=PB11_I2C2_SDA
Added Pin To Net: NetName=PB12_SPI2_NSS Pin=U2-5
Added Net: Name=PB12_SPI2_NSS
Added Pin To Net: NetName=PB13_SPI2_SCK Pin=U2-2
Added Net: Name=PB13_SPI2_SCK
Added Pin To Net: NetName=PB14_SPI2_MISO Pin=U2-4
Added Net: Name=PB14_SPI2_MISO
Added Pin To Net: NetName=PB15_SPI2_MOSI Pin=U2-3
Added Net: Name=PB15_SPI2_MOSI
Added Pin To Net: NetName=PC6_DCMI_D0 Pin=U$1-43
Added Net: Name=PC6_DCMI_D0
Added Pin To Net: NetName=PC7_DCMI_D1 Pin=U$1-42
Added Net: Name=PC7_DCMI_D1
Added Pin To Net: NetName=PC8_TIM8_CH3_MASTERCLOCK Pin=U$1-47
Added Net: Name=PC8_TIM8_CH3_MASTERCLOCK
Added Pin To Net: NetName=PC9_TIM8_CH4_LED_OUT Pin=U$1-27
Added Net: Name=PC9_TIM8_CH4_LED_OUT
Added Pin To Net: NetName=PE0_DCMI_D2 Pin=U$1-41
Added Net: Name=PE0_DCMI_D2
Added Pin To Net: NetName=PE1_DCMI_D3 Pin=U$1-15
Added Net: Name=PE1_DCMI_D3
Added Pin To Net: NetName=PE4_DCMI_D4 Pin=U$1-16
Added Net: Name=PE4_DCMI_D4
Added Pin To Net: NetName=PE5_DCMI_D6 Pin=U$1-18
Added Net: Name=PE5_DCMI_D6
Added Pin To Net: NetName=PE6_DCMI_D7 Pin=U$1-19
Added Net: Name=PE6_DCMI_D7
Added Pin To Net: NetName=PERIPH_5V Pin=D2-C
Added Pin To Net: NetName=PERIPH_5V Pin=L2-P$2
Added Pin To Net: NetName=PERIPH_5V Pin=P6-1
Added Net: Name=PERIPH_5V
Added Pin To Net: NetName=PPM-SBUS-PROT Pin=P1-62
Added Pin To Net: NetName=PPM-SBUS-PROT Pin=P8-1
Added Net: Name=PPM-SBUS-PROT
Added Pin To Net: NetName=PRESSURE_SENS_IN Pin=P1-21
Added Pin To Net: NetName=PRESSURE_SENS_IN Pin=P4-1
Added Net: Name=PRESSURE_SENS_IN
Added Net: Name=PWDN
Added Pin To Net: NetName=PWM Pin=P14-2
Added Net: Name=PWM
Added Pin To Net: NetName=RX_5V0_OUT Pin=P8-2
Added Pin To Net: NetName=RX_5V0_OUT Pin=PSM1-RX
Added Net: Name=RX_5V0_OUT
Added Pin To Net: NetName=SAFETY Pin=P1-17
Added Pin To Net: NetName=SAFETY Pin=P5-2
Added Net: Name=SAFETY
Added Pin To Net: NetName=SERIAL1_RX Pin=P1-38
Added Pin To Net: NetName=SERIAL1_RX Pin=P3-3
Added Net: Name=SERIAL1_RX
Added Pin To Net: NetName=SERIAL1_TX Pin=P1-40
Added Pin To Net: NetName=SERIAL1_TX Pin=P3-2
Added Net: Name=SERIAL1_TX
Added Pin To Net: NetName=SERIAL2_RX Pin=P1-34
Added Pin To Net: NetName=SERIAL2_RX Pin=P6-3
Added Net: Name=SERIAL2_RX
Added Pin To Net: NetName=SERIAL2_TX Pin=P1-36
Added Pin To Net: NetName=SERIAL2_TX Pin=P6-2
Added Net: Name=SERIAL2_TX
Added Pin To Net: NetName=SERIAL3_RX Pin=P1-20
Added Pin To Net: NetName=SERIAL3_RX Pin=P10-3
Added Net: Name=SERIAL3_RX
Added Pin To Net: NetName=SERIAL3_TX Pin=P1-22
Added Pin To Net: NetName=SERIAL3_TX Pin=P10-2
Added Net: Name=SERIAL3_TX
Added Pin To Net: NetName=SONAR_TX Pin=P14-5
Added Pin To Net: NetName=SONAR_TX Pin=R19-2
Added Net: Name=SONAR_TX
Added Pin To Net: NetName=SPI_EXT_MISO Pin=P1-67
Added Pin To Net: NetName=SPI_EXT_MISO Pin=S3-P$1
Added Net: Name=SPI_EXT_MISO
Added Pin To Net: NetName=SPI_EXT_MOSI Pin=P1-51
Added Pin To Net: NetName=SPI_EXT_MOSI Pin=S2-P$1
Added Net: Name=SPI_EXT_MOSI
Added Pin To Net: NetName=SPI_EXT_SCK Pin=P1-73
Added Pin To Net: NetName=SPI_EXT_SCK Pin=S4-P$1
Added Net: Name=SPI_EXT_SCK
Added Pin To Net: NetName=UART4_RX Pin=R17-2
Added Pin To Net: NetName=UART4_RX Pin=R19-1
Added Net: Name=UART4_RX
Added Pin To Net: NetName=US_FN1 Pin=P14-4
Added Net: Name=US_FN1
Added Pin To Net: NetName=V\B\U\S\_\V\A\L\I\D\ Pin=P1-59
Added Pin To Net: NetName=V\B\U\S\_\V\A\L\I\D\ Pin=PSM1-!VBUS_VALID
Added Net: Name=V\B\U\S\_\V\A\L\I\D\
Added Pin To Net: NetName=V\D\D\_\5\V\_\H\I\P\O\W\E\R\_\O\C\ Pin=P1-45
Added Pin To Net: NetName=V\D\D\_\5\V\_\H\I\P\O\W\E\R\_\O\C\ Pin=PSM1-!VDD_5V_HIPOWER_OC
Added Net: Name=V\D\D\_\5\V\_\H\I\P\O\W\E\R\_\O\C\
Added Pin To Net: NetName=V\D\D\_\5\V\_\P\E\R\I\P\H\_\E\N\ Pin=P1-27
Added Pin To Net: NetName=V\D\D\_\5\V\_\P\E\R\I\P\H\_\E\N\ Pin=PSM1-!VDD_5V_PERIPH_EN
Added Net: Name=V\D\D\_\5\V\_\P\E\R\I\P\H\_\E\N\
Added Pin To Net: NetName=V\D\D\_\5\V\_\P\E\R\I\P\H\_\O\C\ Pin=P1-43
Added Pin To Net: NetName=V\D\D\_\5\V\_\P\E\R\I\P\H\_\O\C\ Pin=PSM1-!VDD_5V_PERIPH_OC
Added Net: Name=V\D\D\_\5\V\_\P\E\R\I\P\H\_\O\C\
Added Pin To Net: NetName=V\D\D\_\B\A\C\K\U\P\_\V\A\L\I\D\ Pin=P1-57
Added Pin To Net: NetName=V\D\D\_\B\A\C\K\U\P\_\V\A\L\I\D\ Pin=PSM1-!VDD_BACKUP_VALID
Added Net: Name=V\D\D\_\B\A\C\K\U\P\_\V\A\L\I\D\
Added Pin To Net: NetName=V\D\D\_\B\R\I\C\K\_\V\A\L\I\D\ Pin=P1-55
Added Pin To Net: NetName=V\D\D\_\B\R\I\C\K\_\V\A\L\I\D\ Pin=PSM1-!VDD_BRICK_VALID
Added Net: Name=V\D\D\_\B\R\I\C\K\_\V\A\L\I\D\
Added Pin To Net: NetName=VBAT Pin=C2-P$1
Added Pin To Net: NetName=VBAT Pin=C3-P$1
Added Pin To Net: NetName=VBAT Pin=C4-P$1
Added Pin To Net: NetName=VBAT Pin=C9-P$1
Added Pin To Net: NetName=VBAT Pin=C10-P$1
Added Pin To Net: NetName=VBAT Pin=C11-P$1
Added Pin To Net: NetName=VBAT Pin=R7-P$2
Added Pin To Net: NetName=VBAT Pin=R11-P$2
Added Net: Name=VBAT
Added Pin To Net: NetName=VBUS Pin=P1-29
Added Pin To Net: NetName=VBUS Pin=P12-1
Added Pin To Net: NetName=VBUS Pin=PSM1-VBUS
Added Pin To Net: NetName=VBUS Pin=PSM1-VDD_VBUS
Added Pin To Net: NetName=VBUS Pin=PSM1-VDD_VBUS
Added Net: Name=VBUS
Added Pin To Net: NetName=VDD_3V3_FLOW Pin=C26-P$1
Added Pin To Net: NetName=VDD_3V3_FLOW Pin=C36-P$1
Added Pin To Net: NetName=VDD_3V3_FLOW Pin=C37-P$1
Added Pin To Net: NetName=VDD_3V3_FLOW Pin=C40-P$2
Added Pin To Net: NetName=VDD_3V3_FLOW Pin=C41-P$2
Added Pin To Net: NetName=VDD_3V3_FLOW Pin=C42-P$2
Added Pin To Net: NetName=VDD_3V3_FLOW Pin=C43-P$2
Added Pin To Net: NetName=VDD_3V3_FLOW Pin=C44-P$2
Added Pin To Net: NetName=VDD_3V3_FLOW Pin=C50-P$1
Added Pin To Net: NetName=VDD_3V3_FLOW Pin=P14-6
Added Pin To Net: NetName=VDD_3V3_FLOW Pin=R14-2
Added Pin To Net: NetName=VDD_3V3_FLOW Pin=R18-2
Added Pin To Net: NetName=VDD_3V3_FLOW Pin=R20-2
Added Pin To Net: NetName=VDD_3V3_FLOW Pin=R25-1
Added Pin To Net: NetName=VDD_3V3_FLOW Pin=U1-6
Added Pin To Net: NetName=VDD_3V3_FLOW Pin=U1-11
Added Pin To Net: NetName=VDD_3V3_FLOW Pin=U1-19
Added Pin To Net: NetName=VDD_3V3_FLOW Pin=U1-22
Added Pin To Net: NetName=VDD_3V3_FLOW Pin=U1-28
Added Pin To Net: NetName=VDD_3V3_FLOW Pin=U1-50
Added Pin To Net: NetName=VDD_3V3_FLOW Pin=U1-75
Added Pin To Net: NetName=VDD_3V3_FLOW Pin=U1-100
Added Pin To Net: NetName=VDD_3V3_FLOW Pin=U2-15
Added Pin To Net: NetName=VDD_3V3_FLOW Pin=U2-16
Added Pin To Net: NetName=VDD_3V3_FLOW Pin=U$1-1
Added Pin To Net: NetName=VDD_3V3_FLOW Pin=U$1-6
Added Pin To Net: NetName=VDD_3V3_FLOW Pin=U$1-14
Added Pin To Net: NetName=VDD_3V3_FLOW Pin=U$1-28
Added Pin To Net: NetName=VDD_3V3_FLOW Pin=U$1-30
Added Pin To Net: NetName=VDD_3V3_FLOW Pin=U$1-31
Added Net: Name=VDD_3V3_FLOW
Added Pin To Net: NetName=VDD_3V3_USER_EN Pin=PSM1-VDD_3V3_SPEKTRUM_EN
Added Pin To Net: NetName=VDD_3V3_USER_EN Pin=R1-P$1
Added Pin To Net: NetName=VDD_3V3_USER_EN Pin=R2-P$2
Added Net: Name=VDD_3V3_USER_EN
Added Pin To Net: NetName=VDD_3V3_USER Pin=P9-2
Added Pin To Net: NetName=VDD_3V3_USER Pin=PSM1-SPEK
Added Net: Name=VDD_3V3_USER
Added Pin To Net: NetName=VDD_5V_BACKUP Pin=C14-P$1
Added Pin To Net: NetName=VDD_5V_BACKUP Pin=C15-P$1
Added Pin To Net: NetName=VDD_5V_BACKUP Pin=C16-P$1
Added Pin To Net: NetName=VDD_5V_BACKUP Pin=PSM1-VDD_5V_BACKUP
Added Pin To Net: NetName=VDD_5V_BACKUP Pin=PSM1-VDD_5V_BACKUP
Added Pin To Net: NetName=VDD_5V_BACKUP Pin=R10-P$1
Added Net: Name=VDD_5V_BACKUP
Added Pin To Net: NetName=VDD_5V_BRICK Pin=C6-P$1
Added Pin To Net: NetName=VDD_5V_BRICK Pin=C7-P$1
Added Pin To Net: NetName=VDD_5V_BRICK Pin=C8-P$1
Added Pin To Net: NetName=VDD_5V_BRICK Pin=PSM1-VDD_BRICK_IN
Added Pin To Net: NetName=VDD_5V_BRICK Pin=PSM1-VDD_BRICK_IN
Added Pin To Net: NetName=VDD_5V_BRICK Pin=R5-P$1
Added Net: Name=VDD_5V_BRICK
Added Pin To Net: NetName=VDD_5V_FLOW Pin=C38-P$1
Added Pin To Net: NetName=VDD_5V_FLOW Pin=C39-P$1
Added Pin To Net: NetName=VDD_5V_FLOW Pin=Q1-4
Added Pin To Net: NetName=VDD_5V_FLOW Pin=R17-1
Added Net: Name=VDD_5V_FLOW
Added Pin To Net: NetName=VDD_5V_HIPOWER Pin=P9-1
Added Pin To Net: NetName=VDD_5V_HIPOWER Pin=PSM1-5V_HIPOWER
Added Pin To Net: NetName=VDD_5V_HIPOWER Pin=Q1-1
Added Pin To Net: NetName=VDD_5V_HIPOWER Pin=Q1-2
Added Pin To Net: NetName=VDD_5V_HIPOWER Pin=Q1-5
Added Pin To Net: NetName=VDD_5V_HIPOWER Pin=Q1-6
Added Net: Name=VDD_5V_HIPOWER
Added Pin To Net: NetName=VDD_5V_IN_PROT Pin=P1-61
Added Pin To Net: NetName=VDD_5V_IN_PROT Pin=P1-63
Added Pin To Net: NetName=VDD_5V_IN_PROT Pin=PSM1-VDD_5V_IN_PROT
Added Pin To Net: NetName=VDD_5V_IN_PROT Pin=R1-P$2
Added Net: Name=VDD_5V_IN_PROT
Added Pin To Net: NetName=VDD_5V_PERIPH Pin=L1-P$1
Added Pin To Net: NetName=VDD_5V_PERIPH Pin=L2-P$1
Added Pin To Net: NetName=VDD_5V_PERIPH Pin=L3-P$1
Added Pin To Net: NetName=VDD_5V_PERIPH Pin=L4-P$1
Added Pin To Net: NetName=VDD_5V_PERIPH Pin=P2-1
Added Pin To Net: NetName=VDD_5V_PERIPH Pin=P5-1
Added Pin To Net: NetName=VDD_5V_PERIPH Pin=PSM1-5V_PERIPH
Added Pin To Net: NetName=VDD_5V_PERIPH Pin=S1-P$1
Added Net: Name=VDD_5V_PERIPH
Added Pin To Net: NetName=VDD_SERVO_IN Pin=L5-P$2
Added Pin To Net: NetName=VDD_SERVO_IN Pin=P1-9
Added Pin To Net: NetName=VDD_SERVO_IN Pin=PSM1-SERVO_IN
Added Net: Name=VDD_SERVO_IN
Added Pin To Net: NetName=VDD_SERVO Pin=D300-ANODE
Added Pin To Net: NetName=VDD_SERVO Pin=P1-53
Added Pin To Net: NetName=VDD_SERVO Pin=S6-P$1
Added Net: Name=VDD_SERVO
Added Class: Name=esc
Added Class: Name=PAD
Added Class: Name=plug
Added Class: Name=power2
Added Class: Name=px4flow
Added Room: Name=esc
Added Room: Name=PAD
Added Room: Name=plug
Added Room: Name=power2
Added Room: Name=px4flow
