Change Component Designator: Old Designator=D6 New Designator=D1
Change Component Designator: Old Designator=D8 New Designator=D2
Change Component Designator: Old Designator=D10 New Designator=D4
Change Component Designator: Old Designator=D11 New Designator=D3
Change Component Designator: Old Designator=D301 New Designator=D5
Change Component Designator: Old Designator=L4 New Designator=L1
Change Component Designator: Old Designator=L5 New Designator=L2
Change Component Designator: Old Designator=L7 New Designator=L4
Change Component Designator: Old Designator=L8 New Designator=L3
Change Component Designator: Old Designator=L300 New Designator=L5
Change Component Designator: Old Designator=P6 New Designator=P3
Change Component Designator: Old Designator=P6 New Designator=P10
Change Component Designator: Old Designator=P8 New Designator=P5
Change Component Designator: Old Designator=P8 New Designator=P7
Change Component Designator: Old Designator=P? New Designator=P2
Change Component Designator: Old Designator=P? New Designator=P4
Change Component Designator: Old Designator=P? New Designator=P8
Change Component Designator: Old Designator=P? New Designator=P9
Change Component Designator: Old Designator=P? New Designator=P11
Change Component Designator: Old Designator=P? New Designator=P12
Change Component Designator: Old Designator=PSM? New Designator=PSM1
Change Component Designator: Old Designator=R? New Designator=R1
Change Component Designator: Old Designator=R? New Designator=R2
Change Component Designator: Old Designator=S1TX? New Designator=S1
Change Component Designator: Old Designator=S1TX? New Designator=S2
Change Component Designator: Old Designator=S1TX? New Designator=S3
Change Component Designator: Old Designator=S1TX? New Designator=S4
Change Component Designator: Old Designator=S1TX? New Designator=S5
Change Component Designator: Old Designator=S1TX? New Designator=S6
