Change Component Designator: Old Designator=C35 New Designator=C3
Change Component Designator: Old Designator=C36 New Designator=C4
Change Component Designator: Old Designator=D1 New Designator=D8
Change Component Designator: Old Designator=D2 New Designator=D9
Change Component Designator: Old Designator=L1 New Designator=L8
Change Component Designator: Old Designator=L2 New Designator=L9
Change Component Designator: Old Designator=L3 New Designator=L10
Change Component Designator: Old Designator=L4 New Designator=L11
Change Component Designator: Old Designator=P? New Designator=P14
Change Component Designator: Old Designator=P? New Designator=P15
Change Component Designator: Old Designator=P? New Designator=P16
Change Component Designator: Old Designator=P? New Designator=P17
Change Component Designator: Old Designator=R8 New Designator=R17
Change Component Designator: Old Designator=R8 New Designator=R18
Change Component Designator: Old Designator=R13 New Designator=R21
Change Component Designator: Old Designator=U5 New Designator=U3
Change Component Designator: Old Designator=U8 New Designator=U4
Change Component Designator: Old Designator=U12 New Designator=U2
Change Component Designator: Old Designator=U? New Designator=U1
Change Component Designator: Old Designator=U? New Designator=U1
Change Component Designator: Old Designator=X? New Designator=X1
