Change Component Designator: Old Designator=C2 New Designator=C17
Change Component Designator: Old Designator=C16 New Designator=C18
Change Component Designator: Old Designator=C18 New Designator=C19
Change Component Designator: Old Designator=C19 New Designator=C20
Change Component Designator: Old Designator=C20 New Designator=C21
Change Component Designator: Old Designator=C? New Designator=C26
Change Component Designator: Old Designator=C? New Designator=C27
Change Component Designator: Old Designator=C? New Designator=C28
Change Component Designator: Old Designator=C? New Designator=C29
Change Component Designator: Old Designator=C? New Designator=C30
Change Component Designator: Old Designator=C? New Designator=C31
Change Component Designator: Old Designator=C? New Designator=C32
Change Component Designator: Old Designator=C? New Designator=C33
Change Component Designator: Old Designator=C? New Designator=C34
Change Component Designator: Old Designator=C? New Designator=C35
Change Component Designator: Old Designator=C? New Designator=C36
Change Component Designator: Old Designator=C? New Designator=C37
Change Component Designator: Old Designator=C? New Designator=C38
Change Component Designator: Old Designator=C? New Designator=C39
Change Component Designator: Old Designator=C? New Designator=C40
Change Component Designator: Old Designator=C? New Designator=C41
Change Component Designator: Old Designator=C? New Designator=C42
Change Component Designator: Old Designator=C? New Designator=C43
Change Component Designator: Old Designator=C? New Designator=C44
Change Component Designator: Old Designator=C? New Designator=C45
Change Component Designator: Old Designator=C? New Designator=C46
Change Component Designator: Old Designator=C? New Designator=C47
Change Component Designator: Old Designator=C? New Designator=C48
Change Component Designator: Old Designator=C? New Designator=C49
Change Component Designator: Old Designator=C? New Designator=C50
Change Component Designator: Old Designator=R9 New Designator=R14
Change Component Designator: Old Designator=R10 New Designator=R17
Change Component Designator: Old Designator=R11 New Designator=R19
Change Component Designator: Old Designator=R11 New Designator=R21
Change Component Designator: Old Designator=R11 New Designator=R22
Change Component Designator: Old Designator=R11 New Designator=R23
Change Component Designator: Old Designator=R11 New Designator=R24
Change Component Designator: Old Designator=R11 New Designator=R25
Change Component Designator: Old Designator=R17 New Designator=R15
Change Component Designator: Old Designator=R18 New Designator=R16
Change Component Designator: Old Designator=R19 New Designator=R18
Change Component Designator: Old Designator=R19 New Designator=R26
Change Component Designator: Old Designator=R19 New Designator=R27
Change Component Designator: Old Designator=R19 New Designator=R29
Change Component Designator: Old Designator=R19 New Designator=R30
Change Component Designator: Old Designator=R19 New Designator=R31
Change Component Designator: Old Designator=R19 New Designator=R32
Change Component Designator: Old Designator=R19 New Designator=R33
Change Component Designator: Old Designator=R19 New Designator=R34
Change Component Designator: Old Designator=R19 New Designator=R35
Change Component Designator: Old Designator=R21 New Designator=R28
Change Component Designator: Old Designator=S? New Designator=S7
Change Component Designator: Old Designator=U$5 New Designator=U$1
Change Component Designator: Old Designator=U$8 New Designator=U$2
